<?xml version="1.0" encoding="UTF-8"?>
<!-- Generated by org.testng.reporters.JUnitReportReporter -->
<testsuite skipped="0" hostname="ATMECSINLT-473" name="com.atmecs.testscript.HeatClinic" tests="5" failures="0" timestamp="2019-11-13T20:47:38 IST" time="23.876" errors="0">
  <testcase name="verifyUserOnRespectivePage" time="16.527" classname="com.atmecs.testscript.HeatClinic"/>
  <testcase name="verifyViewingMensText" time="1.654" classname="com.atmecs.testscript.HeatClinic"/>
  <testcase name="buyHabaneroShirt" time="3.874" classname="com.atmecs.testscript.HeatClinic"/>
  <testcase name="validateCartItem" time="1.142" classname="com.atmecs.testscript.HeatClinic"/>
  <testcase name="verifyTotalPriceUpdate" time="0.679" classname="com.atmecs.testscript.HeatClinic"/>
</testsuite> <!-- com.atmecs.testscript.HeatClinic -->
