<?xml version="1.0" encoding="UTF-8"?>
<!-- Generated by org.testng.reporters.JUnitReportReporter -->
<testsuite skipped="0" hostname="ATMECSINLT-473" name="com.atmecs.testscript.Checking" tests="1" failures="0" timestamp="2019-11-11T14:44:57 IST" time="0.894" errors="0">
  <testcase name="testscript" time="0.894" classname="com.atmecs.testscript.Checking"/>
</testsuite> <!-- com.atmecs.testscript.Checking -->
